<?xml version="1.0" encoding="UTF-8"?>
<coverage generated="1553297776133" clover="3.2.0">
  <project timestamp="1553297776134" name="All files">
    <metrics statements="91" coveredstatements="48" conditionals="70" coveredconditionals="35" methods="60" coveredmethods="25" elements="221" coveredelements="108" complexity="0" loc="91" ncloc="91" packages="1" files="11" classes="11">
      <file name="App.js" path="/Users/sandycao/Drive/Software Engineering/Rithm/Exercises/react-yahtzee/src/App.js">
        <metrics statements="1" coveredstatements="1" conditionals="0" coveredconditionals="0" methods="1" coveredmethods="1"/>
        <line num="7" count="1" type="stmt"/>
      </file>
      <file name="Dice.js" path="/Users/sandycao/Drive/Software Engineering/Rithm/Exercises/react-yahtzee/src/Dice.js">
        <metrics statements="2" coveredstatements="2" conditionals="0" coveredconditionals="0" methods="2" coveredmethods="2"/>
        <line num="7" count="9" type="stmt"/>
        <line num="9" count="25" type="stmt"/>
      </file>
      <file name="Die.js" path="/Users/sandycao/Drive/Software Engineering/Rithm/Exercises/react-yahtzee/src/Die.js">
        <metrics statements="2" coveredstatements="2" conditionals="2" coveredconditionals="2" methods="2" coveredmethods="2"/>
        <line num="6" count="29" type="stmt"/>
        <line num="9" count="2" type="stmt"/>
      </file>
      <file name="Game.js" path="/Users/sandycao/Drive/Software Engineering/Rithm/Exercises/react-yahtzee/src/Game.js">
        <metrics statements="15" coveredstatements="10" conditionals="8" coveredconditionals="2" methods="10" coveredmethods="5"/>
        <line num="6" count="2" type="stmt"/>
        <line num="7" count="2" type="stmt"/>
        <line num="11" count="3" type="stmt"/>
        <line num="12" count="3" type="stmt"/>
        <line num="32" count="3" type="stmt"/>
        <line num="33" count="3" type="stmt"/>
        <line num="34" count="3" type="stmt"/>
        <line num="39" count="0" type="stmt"/>
        <line num="41" count="0" type="cond" truecount="0" falsecount="2"/>
        <line num="49" count="1" type="stmt"/>
        <line num="59" count="0" type="cond" truecount="0" falsecount="2"/>
        <line num="61" count="0" type="stmt"/>
        <line num="68" count="0" type="stmt"/>
        <line num="72" count="5" type="stmt"/>
        <line num="77" count="6" type="cond" truecount="2" falsecount="0"/>
      </file>
      <file name="RuleRow.js" path="/Users/sandycao/Drive/Software Engineering/Rithm/Exercises/react-yahtzee/src/RuleRow.js">
        <metrics statements="1" coveredstatements="1" conditionals="2" coveredconditionals="2" methods="1" coveredmethods="1"/>
        <line num="6" count="69" type="stmt"/>
      </file>
      <file name="Rules.js" path="/Users/sandycao/Drive/Software Engineering/Rithm/Exercises/react-yahtzee/src/Rules.js">
        <metrics statements="29" coveredstatements="29" conditionals="29" coveredconditionals="29" methods="13" coveredmethods="13"/>
        <line num="14" count="52" type="stmt"/>
        <line num="19" count="24" type="stmt"/>
        <line num="24" count="13" type="stmt"/>
        <line num="25" count="13" type="stmt"/>
        <line num="26" count="65" type="cond" truecount="2" falsecount="0"/>
        <line num="27" count="13" type="stmt"/>
        <line num="32" count="35" type="stmt"/>
        <line num="44" count="7" type="stmt"/>
        <line num="56" count="11" type="cond" truecount="2" falsecount="0"/>
        <line num="65" count="3" type="stmt"/>
        <line num="66" count="3" type="cond" truecount="4" falsecount="0"/>
        <line num="74" count="8" type="stmt"/>
        <line num="75" count="8" type="cond" truecount="14" falsecount="0"/>
        <line num="85" count="5" type="stmt"/>
        <line num="88" count="5" type="cond" truecount="5" falsecount="0"/>
        <line num="97" count="2" type="cond" truecount="2" falsecount="0"/>
        <line num="102" count="4" type="stmt"/>
        <line num="103" count="4" type="stmt"/>
        <line num="104" count="4" type="stmt"/>
        <line num="105" count="4" type="stmt"/>
        <line num="106" count="4" type="stmt"/>
        <line num="107" count="4" type="stmt"/>
        <line num="110" count="4" type="stmt"/>
        <line num="111" count="4" type="stmt"/>
        <line num="114" count="4" type="stmt"/>
        <line num="117" count="4" type="stmt"/>
        <line num="118" count="4" type="stmt"/>
        <line num="121" count="4" type="stmt"/>
        <line num="124" count="4" type="stmt"/>
      </file>
      <file name="ScoreTable.js" path="/Users/sandycao/Drive/Software Engineering/Rithm/Exercises/react-yahtzee/src/ScoreTable.js">
        <metrics statements="15" coveredstatements="2" conditionals="0" coveredconditionals="0" methods="14" coveredmethods="1"/>
        <line num="10" count="7" type="stmt"/>
        <line num="12" count="7" type="stmt"/>
        <line num="18" count="0" type="stmt"/>
        <line num="19" count="0" type="stmt"/>
        <line num="20" count="0" type="stmt"/>
        <line num="21" count="0" type="stmt"/>
        <line num="22" count="0" type="stmt"/>
        <line num="23" count="0" type="stmt"/>
        <line num="31" count="0" type="stmt"/>
        <line num="32" count="0" type="stmt"/>
        <line num="33" count="0" type="stmt"/>
        <line num="34" count="0" type="stmt"/>
        <line num="35" count="0" type="stmt"/>
        <line num="36" count="0" type="stmt"/>
        <line num="37" count="0" type="stmt"/>
      </file>
      <file name="index.js" path="/Users/sandycao/Drive/Software Engineering/Rithm/Exercises/react-yahtzee/src/index.js">
        <metrics statements="7" coveredstatements="0" conditionals="4" coveredconditionals="0" methods="1" coveredmethods="0"/>
        <line num="1" count="0" type="stmt"/>
        <line num="2" count="0" type="stmt"/>
        <line num="3" count="0" type="stmt"/>
        <line num="4" count="0" type="stmt"/>
        <line num="5" count="0" type="cond" truecount="0" falsecount="4"/>
        <line num="7" count="0" type="stmt"/>
        <line num="8" count="0" type="stmt"/>
      </file>
      <file name="registerServiceWorker.js" path="/Users/sandycao/Drive/Software Engineering/Rithm/Exercises/react-yahtzee/src/registerServiceWorker.js">
        <metrics statements="15" coveredstatements="0" conditionals="21" coveredconditionals="0" methods="15" coveredmethods="0"/>
        <line num="1" count="0" type="stmt"/>
        <line num="21" count="0" type="stmt"/>
        <line num="118" count="0" type="cond" truecount="0" falsecount="3"/>
        <line num="120" count="0" type="cond" truecount="0" falsecount="4"/>
        <line num="121" count="0" type="cond" truecount="0" falsecount="2"/>
        <line num="124" count="0" type="cond" truecount="0" falsecount="2"/>
        <line num="125" count="0" type="stmt"/>
        <line num="127" count="0" type="stmt"/>
        <line num="128" count="0" type="cond" truecount="0" falsecount="4"/>
        <line num="132" count="0" type="stmt"/>
        <line num="135" count="0" type="stmt"/>
        <line num="136" count="0" type="stmt"/>
        <line num="137" count="0" type="cond" truecount="0" falsecount="4"/>
        <line num="138" count="0" type="stmt"/>
        <line num="139" count="0" type="cond" truecount="0" falsecount="2"/>
      </file>
      <file name="setUpTests.js" path="/Users/sandycao/Drive/Software Engineering/Rithm/Exercises/react-yahtzee/src/setUpTests.js">
        <metrics statements="3" coveredstatements="0" conditionals="4" coveredconditionals="0" methods="1" coveredmethods="0"/>
        <line num="1" count="0" type="stmt"/>
        <line num="2" count="0" type="cond" truecount="0" falsecount="4"/>
        <line num="4" count="0" type="stmt"/>
      </file>
      <file name="setupTests.js" path="/Users/sandycao/Drive/Software Engineering/Rithm/Exercises/react-yahtzee/src/setupTests.js">
        <metrics statements="1" coveredstatements="1" conditionals="0" coveredconditionals="0" methods="0" coveredmethods="0"/>
        <line num="4" count="7" type="stmt"/>
      </file>
    </metrics>
  </project>
</coverage>
