{"/Users/sandycao/Drive/Software Engineering/Rithm/Exercises/react-yahtzee/src/App.js": {"path":"/Users/sandycao/Drive/Software Engineering/Rithm/Exercises/react-yahtzee/src/App.js","statementMap":{"0":{"start":{"line":7,"column":4},"end":{"line":12,"column":6}}},"fnMap":{"0":{"name":"(anonymous_0)","decl":{"start":{"line":6,"column":2},"end":{"line":6,"column":3}},"loc":{"start":{"line":6,"column":11},"end":{"line":13,"column":3}},"line":6}},"branchMap":{},"s":{"0":1},"f":{"0":1},"b":{},"_coverageSchema":"332fd63041d2c1bcb487cc26dd0d5f7d97098a6c","hash":"a9ac87b7fff65bce1f5ef8c05508ec926fb52a94"}
,"/Users/sandycao/Drive/Software Engineering/Rithm/Exercises/react-yahtzee/src/Dice.js": {"path":"/Users/sandycao/Drive/Software Engineering/Rithm/Exercises/react-yahtzee/src/Dice.js","statementMap":{"0":{"start":{"line":7,"column":4},"end":{"line":15,"column":10}},"1":{"start":{"line":9,"column":8},"end":{"line":13,"column":22}}},"fnMap":{"0":{"name":"(anonymous_0)","decl":{"start":{"line":6,"column":2},"end":{"line":6,"column":3}},"loc":{"start":{"line":6,"column":11},"end":{"line":16,"column":3}},"line":6},"1":{"name":"(anonymous_1)","decl":{"start":{"line":8,"column":27},"end":{"line":8,"column":28}},"loc":{"start":{"line":9,"column":8},"end":{"line":13,"column":22}},"line":9}},"branchMap":{},"s":{"0":9,"1":25},"f":{"0":9,"1":25},"b":{},"_coverageSchema":"332fd63041d2c1bcb487cc26dd0d5f7d97098a6c","hash":"de315e8035608b6ed6c3096a0022c09b6d1fef07"}
,"/Users/sandycao/Drive/Software Engineering/Rithm/Exercises/react-yahtzee/src/Die.js": {"path":"/Users/sandycao/Drive/Software Engineering/Rithm/Exercises/react-yahtzee/src/Die.js","statementMap":{"0":{"start":{"line":6,"column":4},"end":{"line":12,"column":6}},"1":{"start":{"line":9,"column":23},"end":{"line":9,"column":68}}},"fnMap":{"0":{"name":"(anonymous_0)","decl":{"start":{"line":5,"column":2},"end":{"line":5,"column":3}},"loc":{"start":{"line":5,"column":11},"end":{"line":13,"column":3}},"line":5},"1":{"name":"(anonymous_1)","decl":{"start":{"line":9,"column":17},"end":{"line":9,"column":18}},"loc":{"start":{"line":9,"column":23},"end":{"line":9,"column":68}},"line":9}},"branchMap":{"0":{"loc":{"start":{"line":8,"column":19},"end":{"line":8,"column":63}},"type":"cond-expr","locations":[{"start":{"line":8,"column":39},"end":{"line":8,"column":55}},{"start":{"line":8,"column":58},"end":{"line":8,"column":63}}],"line":8}},"s":{"0":29,"1":2},"f":{"0":29,"1":2},"b":{"0":[2,27]},"_coverageSchema":"332fd63041d2c1bcb487cc26dd0d5f7d97098a6c","hash":"09b75bf78a5ade2a5b631725479ee760f2d8bf13"}
,"/Users/sandycao/Drive/Software Engineering/Rithm/Exercises/react-yahtzee/src/Game.js": {"path":"/Users/sandycao/Drive/Software Engineering/Rithm/Exercises/react-yahtzee/src/Game.js","statementMap":{"0":{"start":{"line":6,"column":17},"end":{"line":6,"column":18}},"1":{"start":{"line":7,"column":18},"end":{"line":7,"column":19}},"2":{"start":{"line":11,"column":4},"end":{"line":11,"column":17}},"3":{"start":{"line":12,"column":4},"end":{"line":31,"column":6}},"4":{"start":{"line":32,"column":4},"end":{"line":32,"column":37}},"5":{"start":{"line":33,"column":4},"end":{"line":33,"column":43}},"6":{"start":{"line":34,"column":4},"end":{"line":34,"column":53}},"7":{"start":{"line":39,"column":4},"end":{"line":44,"column":8}},"8":{"start":{"line":39,"column":25},"end":{"line":44,"column":5}},"9":{"start":{"line":41,"column":18},"end":{"line":41,"column":65}},"10":{"start":{"line":49,"column":4},"end":{"line":55,"column":7}},"11":{"start":{"line":49,"column":25},"end":{"line":55,"column":5}},"12":{"start":{"line":59,"column":4},"end":{"line":59,"column":51}},"13":{"start":{"line":59,"column":45},"end":{"line":59,"column":51}},"14":{"start":{"line":61,"column":4},"end":{"line":67,"column":8}},"15":{"start":{"line":61,"column":25},"end":{"line":67,"column":5}},"16":{"start":{"line":68,"column":4},"end":{"line":68,"column":16}},"17":{"start":{"line":72,"column":4},"end":{"line":83,"column":6}},"18":{"start":{"line":77,"column":49},"end":{"line":77,"column":50}}},"fnMap":{"0":{"name":"(anonymous_0)","decl":{"start":{"line":10,"column":2},"end":{"line":10,"column":3}},"loc":{"start":{"line":10,"column":21},"end":{"line":35,"column":3}},"line":10},"1":{"name":"(anonymous_1)","decl":{"start":{"line":37,"column":2},"end":{"line":37,"column":3}},"loc":{"start":{"line":37,"column":12},"end":{"line":45,"column":3}},"line":37},"2":{"name":"(anonymous_2)","decl":{"start":{"line":39,"column":18},"end":{"line":39,"column":19}},"loc":{"start":{"line":39,"column":25},"end":{"line":44,"column":5}},"line":39},"3":{"name":"(anonymous_3)","decl":{"start":{"line":41,"column":8},"end":{"line":41,"column":9}},"loc":{"start":{"line":41,"column":18},"end":{"line":41,"column":65}},"line":41},"4":{"name":"(anonymous_4)","decl":{"start":{"line":47,"column":2},"end":{"line":47,"column":3}},"loc":{"start":{"line":47,"column":20},"end":{"line":56,"column":3}},"line":47},"5":{"name":"(anonymous_5)","decl":{"start":{"line":49,"column":18},"end":{"line":49,"column":19}},"loc":{"start":{"line":49,"column":25},"end":{"line":55,"column":5}},"line":49},"6":{"name":"(anonymous_6)","decl":{"start":{"line":58,"column":2},"end":{"line":58,"column":3}},"loc":{"start":{"line":58,"column":28},"end":{"line":69,"column":3}},"line":58},"7":{"name":"(anonymous_7)","decl":{"start":{"line":61,"column":18},"end":{"line":61,"column":19}},"loc":{"start":{"line":61,"column":25},"end":{"line":67,"column":5}},"line":61},"8":{"name":"(anonymous_8)","decl":{"start":{"line":71,"column":2},"end":{"line":71,"column":3}},"loc":{"start":{"line":71,"column":11},"end":{"line":84,"column":3}},"line":71},"9":{"name":"(anonymous_9)","decl":{"start":{"line":77,"column":44},"end":{"line":77,"column":45}},"loc":{"start":{"line":77,"column":49},"end":{"line":77,"column":50}},"line":77}},"branchMap":{"0":{"loc":{"start":{"line":41,"column":18},"end":{"line":41,"column":65}},"type":"cond-expr","locations":[{"start":{"line":41,"column":33},"end":{"line":41,"column":34}},{"start":{"line":41,"column":37},"end":{"line":41,"column":65}}],"line":41},"1":{"loc":{"start":{"line":42,"column":14},"end":{"line":42,"column":71}},"type":"cond-expr","locations":[{"start":{"line":42,"column":33},"end":{"line":42,"column":42}},{"start":{"line":42,"column":45},"end":{"line":42,"column":71}}],"line":42},"2":{"loc":{"start":{"line":59,"column":4},"end":{"line":59,"column":51}},"type":"if","locations":[{"start":{"line":59,"column":4},"end":{"line":59,"column":51}},{"start":{"line":59,"column":4},"end":{"line":59,"column":51}}],"line":59},"3":{"loc":{"start":{"line":77,"column":20},"end":{"line":77,"column":79}},"type":"binary-expr","locations":[{"start":{"line":77,"column":20},"end":{"line":77,"column":51}},{"start":{"line":77,"column":55},"end":{"line":77,"column":79}}],"line":77}},"s":{"0":2,"1":2,"2":3,"3":3,"4":3,"5":3,"6":3,"7":0,"8":0,"9":0,"10":1,"11":1,"12":0,"13":0,"14":0,"15":0,"16":0,"17":5,"18":6},"f":{"0":3,"1":0,"2":0,"3":0,"4":1,"5":1,"6":0,"7":0,"8":5,"9":6},"b":{"0":[0,0],"1":[0,0],"2":[0,0],"3":[5,5]},"_coverageSchema":"332fd63041d2c1bcb487cc26dd0d5f7d97098a6c","hash":"d538f40d80120f0495ecdb802620974f296fa449"}
,"/Users/sandycao/Drive/Software Engineering/Rithm/Exercises/react-yahtzee/src/RuleRow.js": {"path":"/Users/sandycao/Drive/Software Engineering/Rithm/Exercises/react-yahtzee/src/RuleRow.js","statementMap":{"0":{"start":{"line":6,"column":4},"end":{"line":11,"column":5}}},"fnMap":{"0":{"name":"(anonymous_0)","decl":{"start":{"line":5,"column":2},"end":{"line":5,"column":3}},"loc":{"start":{"line":5,"column":11},"end":{"line":12,"column":3}},"line":5}},"branchMap":{"0":{"loc":{"start":{"line":7,"column":54},"end":{"line":7,"column":112}},"type":"cond-expr","locations":[{"start":{"line":7,"column":87},"end":{"line":7,"column":91}},{"start":{"line":7,"column":94},"end":{"line":7,"column":112}}],"line":7}},"s":{"0":69},"f":{"0":69},"b":{"0":[1,68]},"_coverageSchema":"332fd63041d2c1bcb487cc26dd0d5f7d97098a6c","hash":"9fbae4c605685935226af1185dfa36903f186b9b"}
,"/Users/sandycao/Drive/Software Engineering/Rithm/Exercises/react-yahtzee/src/Rules.js": {"path":"/Users/sandycao/Drive/Software Engineering/Rithm/Exercises/react-yahtzee/src/Rules.js","statementMap":{"0":{"start":{"line":14,"column":4},"end":{"line":14,"column":32}},"1":{"start":{"line":19,"column":4},"end":{"line":19,"column":52}},"2":{"start":{"line":19,"column":39},"end":{"line":19,"column":50}},"3":{"start":{"line":24,"column":18},"end":{"line":24,"column":27}},"4":{"start":{"line":25,"column":4},"end":{"line":26,"column":44}},"5":{"start":{"line":26,"column":6},"end":{"line":26,"column":44}},"6":{"start":{"line":27,"column":4},"end":{"line":27,"column":38}},"7":{"start":{"line":32,"column":4},"end":{"line":32,"column":46}},"8":{"start":{"line":32,"column":28},"end":{"line":32,"column":37}},"9":{"start":{"line":44,"column":4},"end":{"line":44,"column":49}},"10":{"start":{"line":56,"column":4},"end":{"line":56,"column":77}},"11":{"start":{"line":56,"column":38},"end":{"line":56,"column":53}},"12":{"start":{"line":65,"column":18},"end":{"line":65,"column":33}},"13":{"start":{"line":66,"column":4},"end":{"line":66,"column":69}},"14":{"start":{"line":74,"column":14},"end":{"line":74,"column":27}},"15":{"start":{"line":75,"column":4},"end":{"line":77,"column":77}},"16":{"start":{"line":85,"column":14},"end":{"line":85,"column":27}},"17":{"start":{"line":88,"column":4},"end":{"line":88,"column":69}},"18":{"start":{"line":97,"column":4},"end":{"line":97,"column":55}},"19":{"start":{"line":102,"column":13},"end":{"line":102,"column":43}},"20":{"start":{"line":103,"column":13},"end":{"line":103,"column":43}},"21":{"start":{"line":104,"column":15},"end":{"line":104,"column":45}},"22":{"start":{"line":105,"column":14},"end":{"line":105,"column":44}},"23":{"start":{"line":106,"column":14},"end":{"line":106,"column":44}},"24":{"start":{"line":107,"column":14},"end":{"line":107,"column":44}},"25":{"start":{"line":110,"column":20},"end":{"line":110,"column":47}},"26":{"start":{"line":111,"column":19},"end":{"line":111,"column":46}},"27":{"start":{"line":114,"column":18},"end":{"line":114,"column":45}},"28":{"start":{"line":117,"column":22},"end":{"line":117,"column":54}},"29":{"start":{"line":118,"column":22},"end":{"line":118,"column":54}},"30":{"start":{"line":121,"column":16},"end":{"line":121,"column":42}},"31":{"start":{"line":124,"column":15},"end":{"line":124,"column":42}}},"fnMap":{"0":{"name":"(anonymous_0)","decl":{"start":{"line":12,"column":2},"end":{"line":12,"column":3}},"loc":{"start":{"line":12,"column":22},"end":{"line":15,"column":3}},"line":12},"1":{"name":"(anonymous_1)","decl":{"start":{"line":17,"column":2},"end":{"line":17,"column":3}},"loc":{"start":{"line":17,"column":12},"end":{"line":20,"column":3}},"line":17},"2":{"name":"(anonymous_2)","decl":{"start":{"line":19,"column":23},"end":{"line":19,"column":24}},"loc":{"start":{"line":19,"column":39},"end":{"line":19,"column":50}},"line":19},"3":{"name":"(anonymous_3)","decl":{"start":{"line":22,"column":2},"end":{"line":22,"column":3}},"loc":{"start":{"line":22,"column":13},"end":{"line":28,"column":3}},"line":22},"4":{"name":"(anonymous_4)","decl":{"start":{"line":30,"column":2},"end":{"line":30,"column":3}},"loc":{"start":{"line":30,"column":19},"end":{"line":33,"column":3}},"line":30},"5":{"name":"(anonymous_5)","decl":{"start":{"line":32,"column":23},"end":{"line":32,"column":24}},"loc":{"start":{"line":32,"column":28},"end":{"line":32,"column":37}},"line":32},"6":{"name":"(anonymous_6)","decl":{"start":{"line":43,"column":13},"end":{"line":43,"column":14}},"loc":{"start":{"line":43,"column":23},"end":{"line":45,"column":3}},"line":43},"7":{"name":"(anonymous_7)","decl":{"start":{"line":54,"column":13},"end":{"line":54,"column":14}},"loc":{"start":{"line":54,"column":23},"end":{"line":57,"column":3}},"line":54},"8":{"name":"(anonymous_8)","decl":{"start":{"line":56,"column":33},"end":{"line":56,"column":34}},"loc":{"start":{"line":56,"column":38},"end":{"line":56,"column":53}},"line":56},"9":{"name":"(anonymous_9)","decl":{"start":{"line":63,"column":13},"end":{"line":63,"column":14}},"loc":{"start":{"line":63,"column":23},"end":{"line":67,"column":3}},"line":63},"10":{"name":"(anonymous_10)","decl":{"start":{"line":73,"column":13},"end":{"line":73,"column":14}},"loc":{"start":{"line":73,"column":23},"end":{"line":78,"column":3}},"line":73},"11":{"name":"(anonymous_11)","decl":{"start":{"line":84,"column":13},"end":{"line":84,"column":14}},"loc":{"start":{"line":84,"column":23},"end":{"line":89,"column":3}},"line":84},"12":{"name":"(anonymous_12)","decl":{"start":{"line":95,"column":13},"end":{"line":95,"column":14}},"loc":{"start":{"line":95,"column":23},"end":{"line":98,"column":3}},"line":95}},"branchMap":{"0":{"loc":{"start":{"line":26,"column":20},"end":{"line":26,"column":37}},"type":"binary-expr","locations":[{"start":{"line":26,"column":20},"end":{"line":26,"column":32}},{"start":{"line":26,"column":36},"end":{"line":26,"column":37}}],"line":26},"1":{"loc":{"start":{"line":56,"column":11},"end":{"line":56,"column":76}},"type":"cond-expr","locations":[{"start":{"line":56,"column":58},"end":{"line":56,"column":72}},{"start":{"line":56,"column":75},"end":{"line":56,"column":76}}],"line":56},"2":{"loc":{"start":{"line":66,"column":11},"end":{"line":66,"column":68}},"type":"cond-expr","locations":[{"start":{"line":66,"column":54},"end":{"line":66,"column":64}},{"start":{"line":66,"column":67},"end":{"line":66,"column":68}}],"line":66},"3":{"loc":{"start":{"line":66,"column":12},"end":{"line":66,"column":50}},"type":"binary-expr","locations":[{"start":{"line":66,"column":12},"end":{"line":66,"column":29}},{"start":{"line":66,"column":33},"end":{"line":66,"column":50}}],"line":66},"4":{"loc":{"start":{"line":75,"column":11},"end":{"line":77,"column":76}},"type":"cond-expr","locations":[{"start":{"line":77,"column":62},"end":{"line":77,"column":72}},{"start":{"line":77,"column":75},"end":{"line":77,"column":76}}],"line":75},"5":{"loc":{"start":{"line":75,"column":12},"end":{"line":77,"column":58}},"type":"binary-expr","locations":[{"start":{"line":75,"column":13},"end":{"line":75,"column":21}},{"start":{"line":75,"column":25},"end":{"line":75,"column":33}},{"start":{"line":75,"column":37},"end":{"line":75,"column":45}},{"start":{"line":75,"column":49},"end":{"line":75,"column":57}},{"start":{"line":76,"column":13},"end":{"line":76,"column":21}},{"start":{"line":76,"column":25},"end":{"line":76,"column":33}},{"start":{"line":76,"column":37},"end":{"line":76,"column":45}},{"start":{"line":76,"column":49},"end":{"line":76,"column":57}},{"start":{"line":77,"column":13},"end":{"line":77,"column":21}},{"start":{"line":77,"column":25},"end":{"line":77,"column":33}},{"start":{"line":77,"column":37},"end":{"line":77,"column":45}},{"start":{"line":77,"column":49},"end":{"line":77,"column":57}}],"line":75},"6":{"loc":{"start":{"line":88,"column":11},"end":{"line":88,"column":68}},"type":"cond-expr","locations":[{"start":{"line":88,"column":54},"end":{"line":88,"column":64}},{"start":{"line":88,"column":67},"end":{"line":88,"column":68}}],"line":88},"7":{"loc":{"start":{"line":88,"column":11},"end":{"line":88,"column":51}},"type":"binary-expr","locations":[{"start":{"line":88,"column":11},"end":{"line":88,"column":23}},{"start":{"line":88,"column":28},"end":{"line":88,"column":37}},{"start":{"line":88,"column":41},"end":{"line":88,"column":50}}],"line":88},"8":{"loc":{"start":{"line":97,"column":11},"end":{"line":97,"column":54}},"type":"cond-expr","locations":[{"start":{"line":97,"column":40},"end":{"line":97,"column":50}},{"start":{"line":97,"column":53},"end":{"line":97,"column":54}}],"line":97}},"s":{"0":52,"1":6,"2":24,"3":13,"4":13,"5":65,"6":13,"7":7,"8":35,"9":7,"10":8,"11":11,"12":3,"13":3,"14":8,"15":8,"16":5,"17":5,"18":2,"19":4,"20":4,"21":4,"22":4,"23":4,"24":4,"25":4,"26":4,"27":4,"28":4,"29":4,"30":4,"31":4},"f":{"0":52,"1":6,"2":24,"3":13,"4":7,"5":35,"6":7,"7":8,"8":11,"9":3,"10":8,"11":5,"12":2},"b":{"0":[65,25],"1":[6,2],"2":[1,2],"3":[3,1],"4":[6,2],"5":[8,6,6,6,6,5,3,3,3,3,3,2],"6":[3,2],"7":[5,3,2],"8":[1,1]},"_coverageSchema":"332fd63041d2c1bcb487cc26dd0d5f7d97098a6c","hash":"b788113276246a93fcc172332badee449eb2817b"}
,"/Users/sandycao/Drive/Software Engineering/Rithm/Exercises/react-yahtzee/src/ScoreTable.js": {"path":"/Users/sandycao/Drive/Software Engineering/Rithm/Exercises/react-yahtzee/src/ScoreTable.js","statementMap":{"0":{"start":{"line":10,"column":32},"end":{"line":10,"column":42}},"1":{"start":{"line":12,"column":4},"end":{"line":42,"column":5}},"2":{"start":{"line":18,"column":71},"end":{"line":18,"column":101}},"3":{"start":{"line":19,"column":71},"end":{"line":19,"column":101}},"4":{"start":{"line":20,"column":75},"end":{"line":20,"column":109}},"5":{"start":{"line":21,"column":73},"end":{"line":21,"column":105}},"6":{"start":{"line":22,"column":73},"end":{"line":22,"column":105}},"7":{"start":{"line":23,"column":73},"end":{"line":23,"column":105}},"8":{"start":{"line":31,"column":87},"end":{"line":31,"column":131}},"9":{"start":{"line":32,"column":85},"end":{"line":32,"column":127}},"10":{"start":{"line":33,"column":82},"end":{"line":33,"column":122}},"11":{"start":{"line":34,"column":90},"end":{"line":34,"column":138}},"12":{"start":{"line":35,"column":90},"end":{"line":35,"column":138}},"13":{"start":{"line":36,"column":77},"end":{"line":36,"column":113}},"14":{"start":{"line":37,"column":75},"end":{"line":37,"column":109}}},"fnMap":{"0":{"name":"(anonymous_0)","decl":{"start":{"line":9,"column":2},"end":{"line":9,"column":3}},"loc":{"start":{"line":9,"column":11},"end":{"line":43,"column":3}},"line":9},"1":{"name":"(anonymous_1)","decl":{"start":{"line":18,"column":64},"end":{"line":18,"column":65}},"loc":{"start":{"line":18,"column":71},"end":{"line":18,"column":101}},"line":18},"2":{"name":"(anonymous_2)","decl":{"start":{"line":19,"column":64},"end":{"line":19,"column":65}},"loc":{"start":{"line":19,"column":71},"end":{"line":19,"column":101}},"line":19},"3":{"name":"(anonymous_3)","decl":{"start":{"line":20,"column":68},"end":{"line":20,"column":69}},"loc":{"start":{"line":20,"column":75},"end":{"line":20,"column":109}},"line":20},"4":{"name":"(anonymous_4)","decl":{"start":{"line":21,"column":66},"end":{"line":21,"column":67}},"loc":{"start":{"line":21,"column":73},"end":{"line":21,"column":105}},"line":21},"5":{"name":"(anonymous_5)","decl":{"start":{"line":22,"column":66},"end":{"line":22,"column":67}},"loc":{"start":{"line":22,"column":73},"end":{"line":22,"column":105}},"line":22},"6":{"name":"(anonymous_6)","decl":{"start":{"line":23,"column":66},"end":{"line":23,"column":67}},"loc":{"start":{"line":23,"column":73},"end":{"line":23,"column":105}},"line":23},"7":{"name":"(anonymous_7)","decl":{"start":{"line":31,"column":80},"end":{"line":31,"column":81}},"loc":{"start":{"line":31,"column":87},"end":{"line":31,"column":131}},"line":31},"8":{"name":"(anonymous_8)","decl":{"start":{"line":32,"column":78},"end":{"line":32,"column":79}},"loc":{"start":{"line":32,"column":85},"end":{"line":32,"column":127}},"line":32},"9":{"name":"(anonymous_9)","decl":{"start":{"line":33,"column":75},"end":{"line":33,"column":76}},"loc":{"start":{"line":33,"column":82},"end":{"line":33,"column":122}},"line":33},"10":{"name":"(anonymous_10)","decl":{"start":{"line":34,"column":83},"end":{"line":34,"column":84}},"loc":{"start":{"line":34,"column":90},"end":{"line":34,"column":138}},"line":34},"11":{"name":"(anonymous_11)","decl":{"start":{"line":35,"column":83},"end":{"line":35,"column":84}},"loc":{"start":{"line":35,"column":90},"end":{"line":35,"column":138}},"line":35},"12":{"name":"(anonymous_12)","decl":{"start":{"line":36,"column":70},"end":{"line":36,"column":71}},"loc":{"start":{"line":36,"column":77},"end":{"line":36,"column":113}},"line":36},"13":{"name":"(anonymous_13)","decl":{"start":{"line":37,"column":68},"end":{"line":37,"column":69}},"loc":{"start":{"line":37,"column":75},"end":{"line":37,"column":109}},"line":37}},"branchMap":{},"s":{"0":7,"1":7,"2":0,"3":0,"4":0,"5":0,"6":0,"7":0,"8":0,"9":0,"10":0,"11":0,"12":0,"13":0,"14":0},"f":{"0":7,"1":0,"2":0,"3":0,"4":0,"5":0,"6":0,"7":0,"8":0,"9":0,"10":0,"11":0,"12":0,"13":0},"b":{},"_coverageSchema":"332fd63041d2c1bcb487cc26dd0d5f7d97098a6c","hash":"5c77fe06a29b039c754d161259438eb3f4ef6383"}
,"/Users/sandycao/Drive/Software Engineering/Rithm/Exercises/react-yahtzee/src/index.js": {"path":"/Users/sandycao/Drive/Software Engineering/Rithm/Exercises/react-yahtzee/src/index.js","statementMap":{"0":{"start":{"line":1,"column":32},"end":{"line":1,"column":119}},"1":{"start":{"line":1,"column":133},"end":{"line":1,"column":149}},"2":{"start":{"line":1,"column":164},"end":{"line":1,"column":194}},"3":{"start":{"line":2,"column":16},"end":{"line":2,"column":36}},"4":{"start":{"line":2,"column":54},"end":{"line":2,"column":87}},"5":{"start":{"line":3,"column":0},"end":{"line":3,"column":23}},"6":{"start":{"line":4,"column":11},"end":{"line":4,"column":27}},"7":{"start":{"line":4,"column":40},"end":{"line":4,"column":68}},"8":{"start":{"line":5,"column":29},"end":{"line":5,"column":63}},"9":{"start":{"line":5,"column":94},"end":{"line":5,"column":140}},"10":{"start":{"line":5,"column":179},"end":{"line":5,"column":233}},"11":{"start":{"line":7,"column":0},"end":{"line":7,"column":181}},"12":{"start":{"line":8,"column":0},"end":{"line":8,"column":39}}},"fnMap":{"0":{"name":"_interopRequireDefault","decl":{"start":{"line":5,"column":150},"end":{"line":5,"column":172}},"loc":{"start":{"line":5,"column":178},"end":{"line":5,"column":234}},"line":5}},"branchMap":{"0":{"loc":{"start":{"line":5,"column":186},"end":{"line":5,"column":232}},"type":"cond-expr","locations":[{"start":{"line":5,"column":210},"end":{"line":5,"column":213}},{"start":{"line":5,"column":216},"end":{"line":5,"column":232}}],"line":5},"1":{"loc":{"start":{"line":5,"column":186},"end":{"line":5,"column":207}},"type":"binary-expr","locations":[{"start":{"line":5,"column":186},"end":{"line":5,"column":189}},{"start":{"line":5,"column":193},"end":{"line":5,"column":207}}],"line":5}},"s":{"0":0,"1":0,"2":0,"3":0,"4":0,"5":0,"6":0,"7":0,"8":0,"9":0,"10":0,"11":0,"12":0},"f":{"0":0},"b":{"0":[0,0],"1":[0,0]}}
,"/Users/sandycao/Drive/Software Engineering/Rithm/Exercises/react-yahtzee/src/registerServiceWorker.js": {"path":"/Users/sandycao/Drive/Software Engineering/Rithm/Exercises/react-yahtzee/src/registerServiceWorker.js","statementMap":{"0":{"start":{"line":1,"column":13},"end":{"line":1,"column":75}},"1":{"start":{"line":1,"column":75},"end":{"line":21,"column":9}},"2":{"start":{"line":21,"column":9},"end":{"line":111,"column":24}},"3":{"start":{"line":118,"column":20},"end":{"line":120,"column":89}},"4":{"start":{"line":120,"column":111},"end":{"line":128,"column":36}},"5":{"start":{"line":121,"column":22},"end":{"line":121,"column":70}},"6":{"start":{"line":121,"column":71},"end":{"line":124,"column":14}},"7":{"start":{"line":124,"column":6},"end":{"line":124,"column":13}},"8":{"start":{"line":124,"column":14},"end":{"line":128,"column":35}},"9":{"start":{"line":124,"column":67},"end":{"line":124,"column":112}},"10":{"start":{"line":124,"column":113},"end":{"line":128,"column":32}},"11":{"start":{"line":125,"column":8},"end":{"line":125,"column":39}},"12":{"start":{"line":127,"column":8},"end":{"line":127,"column":178}},"13":{"start":{"line":127,"column":50},"end":{"line":127,"column":175}},"14":{"start":{"line":128,"column":8},"end":{"line":128,"column":31}},"15":{"start":{"line":128,"column":70},"end":{"line":135,"column":156}},"16":{"start":{"line":128,"column":132},"end":{"line":135,"column":68}},"17":{"start":{"line":128,"column":193},"end":{"line":128,"column":216}},"18":{"start":{"line":128,"column":217},"end":{"line":135,"column":66}},"19":{"start":{"line":128,"column":257},"end":{"line":135,"column":64}},"20":{"start":{"line":128,"column":302},"end":{"line":135,"column":63}},"21":{"start":{"line":132,"column":12},"end":{"line":132,"column":69}},"22":{"start":{"line":135,"column":12},"end":{"line":135,"column":62}},"23":{"start":{"line":135,"column":87},"end":{"line":135,"column":153}},"24":{"start":{"line":136,"column":2},"end":{"line":139,"column":126}},"25":{"start":{"line":137,"column":4},"end":{"line":139,"column":30}},"26":{"start":{"line":138,"column":6},"end":{"line":138,"column":127}},"27":{"start":{"line":138,"column":58},"end":{"line":138,"column":124}},"28":{"start":{"line":138,"column":96},"end":{"line":138,"column":121}},"29":{"start":{"line":139,"column":6},"end":{"line":139,"column":29}},"30":{"start":{"line":139,"column":46},"end":{"line":139,"column":123}},"31":{"start":{"line":139,"column":150},"end":{"line":139,"column":267}},"32":{"start":{"line":139,"column":185},"end":{"line":139,"column":266}},"33":{"start":{"line":139,"column":237},"end":{"line":139,"column":263}}},"fnMap":{"0":{"name":"register","decl":{"start":{"line":120,"column":99},"end":{"line":120,"column":107}},"loc":{"start":{"line":120,"column":110},"end":{"line":128,"column":37}},"line":120},"1":{"name":"(anonymous_1)","decl":{"start":{"line":124,"column":46},"end":{"line":124,"column":47}},"loc":{"start":{"line":124,"column":52},"end":{"line":128,"column":33}},"line":124},"2":{"name":"(anonymous_2)","decl":{"start":{"line":127,"column":43},"end":{"line":127,"column":44}},"loc":{"start":{"line":127,"column":49},"end":{"line":127,"column":176}},"line":127},"3":{"name":"registerValidSW","decl":{"start":{"line":128,"column":46},"end":{"line":128,"column":61}},"loc":{"start":{"line":128,"column":69},"end":{"line":135,"column":157}},"line":128},"4":{"name":"(anonymous_4)","decl":{"start":{"line":128,"column":115},"end":{"line":128,"column":116}},"loc":{"start":{"line":128,"column":131},"end":{"line":135,"column":69}},"line":128},"5":{"name":"(anonymous_5)","decl":{"start":{"line":128,"column":161},"end":{"line":128,"column":162}},"loc":{"start":{"line":128,"column":167},"end":{"line":135,"column":67}},"line":128},"6":{"name":"(anonymous_6)","decl":{"start":{"line":128,"column":250},"end":{"line":128,"column":251}},"loc":{"start":{"line":128,"column":256},"end":{"line":135,"column":65}},"line":128},"7":{"name":"(anonymous_7)","decl":{"start":{"line":135,"column":77},"end":{"line":135,"column":78}},"loc":{"start":{"line":135,"column":86},"end":{"line":135,"column":154}},"line":135},"8":{"name":"checkValidServiceWorker","decl":{"start":{"line":135,"column":166},"end":{"line":135,"column":189}},"loc":{"start":{"line":135,"column":197},"end":{"line":139,"column":127}},"line":135},"9":{"name":"(anonymous_9)","decl":{"start":{"line":136,"column":20},"end":{"line":136,"column":21}},"loc":{"start":{"line":136,"column":32},"end":{"line":139,"column":31}},"line":136},"10":{"name":"(anonymous_10)","decl":{"start":{"line":138,"column":41},"end":{"line":138,"column":42}},"loc":{"start":{"line":138,"column":57},"end":{"line":138,"column":125}},"line":138},"11":{"name":"(anonymous_11)","decl":{"start":{"line":138,"column":89},"end":{"line":138,"column":90}},"loc":{"start":{"line":138,"column":95},"end":{"line":138,"column":122}},"line":138},"12":{"name":"(anonymous_12)","decl":{"start":{"line":139,"column":39},"end":{"line":139,"column":40}},"loc":{"start":{"line":139,"column":45},"end":{"line":139,"column":124}},"line":139},"13":{"name":"unregister","decl":{"start":{"line":139,"column":136},"end":{"line":139,"column":146}},"loc":{"start":{"line":139,"column":149},"end":{"line":139,"column":268}},"line":139},"14":{"name":"(anonymous_14)","decl":{"start":{"line":139,"column":220},"end":{"line":139,"column":221}},"loc":{"start":{"line":139,"column":236},"end":{"line":139,"column":264}},"line":139}},"branchMap":{"0":{"loc":{"start":{"line":118,"column":28},"end":{"line":120,"column":88}},"type":"binary-expr","locations":[{"start":{"line":118,"column":28},"end":{"line":118,"column":68}},{"start":{"line":119,"column":0},"end":{"line":119,"column":36}},{"start":{"line":120,"column":0},"end":{"line":120,"column":88}}],"line":118},"1":{"loc":{"start":{"line":120,"column":111},"end":{"line":128,"column":36}},"type":"if","locations":[{"start":{"line":120,"column":111},"end":{"line":128,"column":36}},{"start":{"line":120,"column":111},"end":{"line":128,"column":36}}],"line":120},"2":{"loc":{"start":{"line":120,"column":115},"end":{"line":120,"column":184}},"type":"binary-expr","locations":[{"start":{"line":120,"column":115},"end":{"line":120,"column":152}},{"start":{"line":120,"column":156},"end":{"line":120,"column":184}}],"line":120},"3":{"loc":{"start":{"line":121,"column":71},"end":{"line":124,"column":14}},"type":"if","locations":[{"start":{"line":121,"column":71},"end":{"line":124,"column":14}},{"start":{"line":121,"column":71},"end":{"line":124,"column":14}}],"line":121},"4":{"loc":{"start":{"line":124,"column":113},"end":{"line":128,"column":32}},"type":"if","locations":[{"start":{"line":124,"column":113},"end":{"line":128,"column":32}},{"start":{"line":124,"column":113},"end":{"line":128,"column":32}}],"line":124},"5":{"loc":{"start":{"line":128,"column":257},"end":{"line":135,"column":64}},"type":"if","locations":[{"start":{"line":128,"column":257},"end":{"line":135,"column":64}},{"start":{"line":128,"column":257},"end":{"line":135,"column":64}}],"line":128},"6":{"loc":{"start":{"line":128,"column":302},"end":{"line":135,"column":63}},"type":"if","locations":[{"start":{"line":128,"column":302},"end":{"line":135,"column":63}},{"start":{"line":128,"column":302},"end":{"line":135,"column":63}}],"line":128},"7":{"loc":{"start":{"line":137,"column":4},"end":{"line":139,"column":30}},"type":"if","locations":[{"start":{"line":137,"column":4},"end":{"line":139,"column":30}},{"start":{"line":137,"column":4},"end":{"line":139,"column":30}}],"line":137},"8":{"loc":{"start":{"line":137,"column":8},"end":{"line":137,"column":100}},"type":"binary-expr","locations":[{"start":{"line":137,"column":8},"end":{"line":137,"column":31}},{"start":{"line":137,"column":35},"end":{"line":137,"column":100}}],"line":137},"9":{"loc":{"start":{"line":139,"column":150},"end":{"line":139,"column":267}},"type":"if","locations":[{"start":{"line":139,"column":150},"end":{"line":139,"column":267}},{"start":{"line":139,"column":150},"end":{"line":139,"column":267}}],"line":139}},"s":{"0":0,"1":0,"2":0,"3":0,"4":0,"5":0,"6":0,"7":0,"8":0,"9":0,"10":0,"11":0,"12":0,"13":0,"14":0,"15":0,"16":0,"17":0,"18":0,"19":0,"20":0,"21":0,"22":0,"23":0,"24":0,"25":0,"26":0,"27":0,"28":0,"29":0,"30":0,"31":0,"32":0,"33":0},"f":{"0":0,"1":0,"2":0,"3":0,"4":0,"5":0,"6":0,"7":0,"8":0,"9":0,"10":0,"11":0,"12":0,"13":0,"14":0},"b":{"0":[0,0,0],"1":[0,0],"2":[0,0],"3":[0,0],"4":[0,0],"5":[0,0],"6":[0,0],"7":[0,0],"8":[0,0],"9":[0,0]}}
,"/Users/sandycao/Drive/Software Engineering/Rithm/Exercises/react-yahtzee/src/setUpTests.js": {"path":"/Users/sandycao/Drive/Software Engineering/Rithm/Exercises/react-yahtzee/src/setUpTests.js","statementMap":{"0":{"start":{"line":1,"column":27},"end":{"line":1,"column":44}},"1":{"start":{"line":2,"column":26},"end":{"line":2,"column":60}},"2":{"start":{"line":2,"column":88},"end":{"line":2,"column":131}},"3":{"start":{"line":2,"column":170},"end":{"line":2,"column":224}},"4":{"start":{"line":4,"column":0},"end":{"line":4,"column":72}}},"fnMap":{"0":{"name":"_interopRequireDefault","decl":{"start":{"line":2,"column":141},"end":{"line":2,"column":163}},"loc":{"start":{"line":2,"column":169},"end":{"line":2,"column":225}},"line":2}},"branchMap":{"0":{"loc":{"start":{"line":2,"column":177},"end":{"line":2,"column":223}},"type":"cond-expr","locations":[{"start":{"line":2,"column":201},"end":{"line":2,"column":204}},{"start":{"line":2,"column":207},"end":{"line":2,"column":223}}],"line":2},"1":{"loc":{"start":{"line":2,"column":177},"end":{"line":2,"column":198}},"type":"binary-expr","locations":[{"start":{"line":2,"column":177},"end":{"line":2,"column":180}},{"start":{"line":2,"column":184},"end":{"line":2,"column":198}}],"line":2}},"s":{"0":0,"1":0,"2":0,"3":0,"4":0},"f":{"0":0},"b":{"0":[0,0],"1":[0,0]}}
,"/Users/sandycao/Drive/Software Engineering/Rithm/Exercises/react-yahtzee/src/setupTests.js": {"path":"/Users/sandycao/Drive/Software Engineering/Rithm/Exercises/react-yahtzee/src/setupTests.js","statementMap":{"0":{"start":{"line":4,"column":0},"end":{"line":4,"column":38}}},"fnMap":{},"branchMap":{},"s":{"0":7},"f":{},"b":{},"_coverageSchema":"332fd63041d2c1bcb487cc26dd0d5f7d97098a6c","hash":"daedf71d9bf26b4c5457b9e5ff0eb031cb06d684"}
}
