TN:
SF:/Users/sandycao/Drive/Software Engineering/Rithm/Exercises/react-yahtzee/src/App.js
FN:6,(anonymous_0)
FNF:1
FNH:1
FNDA:1,(anonymous_0)
DA:7,1
LF:1
LH:1
BRF:0
BRH:0
end_of_record
TN:
SF:/Users/sandycao/Drive/Software Engineering/Rithm/Exercises/react-yahtzee/src/Dice.js
FN:6,(anonymous_0)
FN:8,(anonymous_1)
FNF:2
FNH:2
FNDA:9,(anonymous_0)
FNDA:25,(anonymous_1)
DA:7,9
DA:9,25
LF:2
LH:2
BRF:0
BRH:0
end_of_record
TN:
SF:/Users/sandycao/Drive/Software Engineering/Rithm/Exercises/react-yahtzee/src/Die.js
FN:5,(anonymous_0)
FN:9,(anonymous_1)
FNF:2
FNH:2
FNDA:29,(anonymous_0)
FNDA:2,(anonymous_1)
DA:6,29
DA:9,2
LF:2
LH:2
BRDA:8,0,0,2
BRDA:8,0,1,27
BRF:2
BRH:2
end_of_record
TN:
SF:/Users/sandycao/Drive/Software Engineering/Rithm/Exercises/react-yahtzee/src/Game.js
FN:10,(anonymous_0)
FN:37,(anonymous_1)
FN:39,(anonymous_2)
FN:41,(anonymous_3)
FN:47,(anonymous_4)
FN:49,(anonymous_5)
FN:58,(anonymous_6)
FN:61,(anonymous_7)
FN:71,(anonymous_8)
FN:77,(anonymous_9)
FNF:10
FNH:5
FNDA:3,(anonymous_0)
FNDA:0,(anonymous_1)
FNDA:0,(anonymous_2)
FNDA:0,(anonymous_3)
FNDA:1,(anonymous_4)
FNDA:1,(anonymous_5)
FNDA:0,(anonymous_6)
FNDA:0,(anonymous_7)
FNDA:5,(anonymous_8)
FNDA:6,(anonymous_9)
DA:6,2
DA:7,2
DA:11,3
DA:12,3
DA:32,3
DA:33,3
DA:34,3
DA:39,0
DA:41,0
DA:49,1
DA:59,0
DA:61,0
DA:68,0
DA:72,5
DA:77,6
LF:15
LH:10
BRDA:41,0,0,0
BRDA:41,0,1,0
BRDA:42,1,0,0
BRDA:42,1,1,0
BRDA:59,2,0,0
BRDA:59,2,1,0
BRDA:77,3,0,5
BRDA:77,3,1,5
BRF:8
BRH:2
end_of_record
TN:
SF:/Users/sandycao/Drive/Software Engineering/Rithm/Exercises/react-yahtzee/src/RuleRow.js
FN:5,(anonymous_0)
FNF:1
FNH:1
FNDA:69,(anonymous_0)
DA:6,69
LF:1
LH:1
BRDA:7,0,0,1
BRDA:7,0,1,68
BRF:2
BRH:2
end_of_record
TN:
SF:/Users/sandycao/Drive/Software Engineering/Rithm/Exercises/react-yahtzee/src/Rules.js
FN:12,(anonymous_0)
FN:17,(anonymous_1)
FN:19,(anonymous_2)
FN:22,(anonymous_3)
FN:30,(anonymous_4)
FN:32,(anonymous_5)
FN:43,(anonymous_6)
FN:54,(anonymous_7)
FN:56,(anonymous_8)
FN:63,(anonymous_9)
FN:73,(anonymous_10)
FN:84,(anonymous_11)
FN:95,(anonymous_12)
FNF:13
FNH:13
FNDA:52,(anonymous_0)
FNDA:6,(anonymous_1)
FNDA:24,(anonymous_2)
FNDA:13,(anonymous_3)
FNDA:7,(anonymous_4)
FNDA:35,(anonymous_5)
FNDA:7,(anonymous_6)
FNDA:8,(anonymous_7)
FNDA:11,(anonymous_8)
FNDA:3,(anonymous_9)
FNDA:8,(anonymous_10)
FNDA:5,(anonymous_11)
FNDA:2,(anonymous_12)
DA:14,52
DA:19,24
DA:24,13
DA:25,13
DA:26,65
DA:27,13
DA:32,35
DA:44,7
DA:56,11
DA:65,3
DA:66,3
DA:74,8
DA:75,8
DA:85,5
DA:88,5
DA:97,2
DA:102,4
DA:103,4
DA:104,4
DA:105,4
DA:106,4
DA:107,4
DA:110,4
DA:111,4
DA:114,4
DA:117,4
DA:118,4
DA:121,4
DA:124,4
LF:29
LH:29
BRDA:26,0,0,65
BRDA:26,0,1,25
BRDA:56,1,0,6
BRDA:56,1,1,2
BRDA:66,2,0,1
BRDA:66,2,1,2
BRDA:66,3,0,3
BRDA:66,3,1,1
BRDA:75,4,0,6
BRDA:75,4,1,2
BRDA:75,5,0,8
BRDA:75,5,1,6
BRDA:75,5,2,6
BRDA:75,5,3,6
BRDA:75,5,4,6
BRDA:75,5,5,5
BRDA:75,5,6,3
BRDA:75,5,7,3
BRDA:75,5,8,3
BRDA:75,5,9,3
BRDA:75,5,10,3
BRDA:75,5,11,2
BRDA:88,6,0,3
BRDA:88,6,1,2
BRDA:88,7,0,5
BRDA:88,7,1,3
BRDA:88,7,2,2
BRDA:97,8,0,1
BRDA:97,8,1,1
BRF:29
BRH:29
end_of_record
TN:
SF:/Users/sandycao/Drive/Software Engineering/Rithm/Exercises/react-yahtzee/src/ScoreTable.js
FN:9,(anonymous_0)
FN:18,(anonymous_1)
FN:19,(anonymous_2)
FN:20,(anonymous_3)
FN:21,(anonymous_4)
FN:22,(anonymous_5)
FN:23,(anonymous_6)
FN:31,(anonymous_7)
FN:32,(anonymous_8)
FN:33,(anonymous_9)
FN:34,(anonymous_10)
FN:35,(anonymous_11)
FN:36,(anonymous_12)
FN:37,(anonymous_13)
FNF:14
FNH:1
FNDA:7,(anonymous_0)
FNDA:0,(anonymous_1)
FNDA:0,(anonymous_2)
FNDA:0,(anonymous_3)
FNDA:0,(anonymous_4)
FNDA:0,(anonymous_5)
FNDA:0,(anonymous_6)
FNDA:0,(anonymous_7)
FNDA:0,(anonymous_8)
FNDA:0,(anonymous_9)
FNDA:0,(anonymous_10)
FNDA:0,(anonymous_11)
FNDA:0,(anonymous_12)
FNDA:0,(anonymous_13)
DA:10,7
DA:12,7
DA:18,0
DA:19,0
DA:20,0
DA:21,0
DA:22,0
DA:23,0
DA:31,0
DA:32,0
DA:33,0
DA:34,0
DA:35,0
DA:36,0
DA:37,0
LF:15
LH:2
BRF:0
BRH:0
end_of_record
TN:
SF:/Users/sandycao/Drive/Software Engineering/Rithm/Exercises/react-yahtzee/src/index.js
FN:5,_interopRequireDefault
FNF:1
FNH:0
FNDA:0,_interopRequireDefault
DA:1,0
DA:2,0
DA:3,0
DA:4,0
DA:5,0
DA:7,0
DA:8,0
LF:7
LH:0
BRDA:5,0,0,0
BRDA:5,0,1,0
BRDA:5,1,0,0
BRDA:5,1,1,0
BRF:4
BRH:0
end_of_record
TN:
SF:/Users/sandycao/Drive/Software Engineering/Rithm/Exercises/react-yahtzee/src/registerServiceWorker.js
FN:120,register
FN:124,(anonymous_1)
FN:127,(anonymous_2)
FN:128,registerValidSW
FN:128,(anonymous_4)
FN:128,(anonymous_5)
FN:128,(anonymous_6)
FN:135,(anonymous_7)
FN:135,checkValidServiceWorker
FN:136,(anonymous_9)
FN:138,(anonymous_10)
FN:138,(anonymous_11)
FN:139,(anonymous_12)
FN:139,unregister
FN:139,(anonymous_14)
FNF:15
FNH:0
FNDA:0,register
FNDA:0,(anonymous_1)
FNDA:0,(anonymous_2)
FNDA:0,registerValidSW
FNDA:0,(anonymous_4)
FNDA:0,(anonymous_5)
FNDA:0,(anonymous_6)
FNDA:0,(anonymous_7)
FNDA:0,checkValidServiceWorker
FNDA:0,(anonymous_9)
FNDA:0,(anonymous_10)
FNDA:0,(anonymous_11)
FNDA:0,(anonymous_12)
FNDA:0,unregister
FNDA:0,(anonymous_14)
DA:1,0
DA:21,0
DA:118,0
DA:120,0
DA:121,0
DA:124,0
DA:125,0
DA:127,0
DA:128,0
DA:132,0
DA:135,0
DA:136,0
DA:137,0
DA:138,0
DA:139,0
LF:15
LH:0
BRDA:118,0,0,0
BRDA:118,0,1,0
BRDA:118,0,2,0
BRDA:120,1,0,0
BRDA:120,1,1,0
BRDA:120,2,0,0
BRDA:120,2,1,0
BRDA:121,3,0,0
BRDA:121,3,1,0
BRDA:124,4,0,0
BRDA:124,4,1,0
BRDA:128,5,0,0
BRDA:128,5,1,0
BRDA:128,6,0,0
BRDA:128,6,1,0
BRDA:137,7,0,0
BRDA:137,7,1,0
BRDA:137,8,0,0
BRDA:137,8,1,0
BRDA:139,9,0,0
BRDA:139,9,1,0
BRF:21
BRH:0
end_of_record
TN:
SF:/Users/sandycao/Drive/Software Engineering/Rithm/Exercises/react-yahtzee/src/setUpTests.js
FN:2,_interopRequireDefault
FNF:1
FNH:0
FNDA:0,_interopRequireDefault
DA:1,0
DA:2,0
DA:4,0
LF:3
LH:0
BRDA:2,0,0,0
BRDA:2,0,1,0
BRDA:2,1,0,0
BRDA:2,1,1,0
BRF:4
BRH:0
end_of_record
TN:
SF:/Users/sandycao/Drive/Software Engineering/Rithm/Exercises/react-yahtzee/src/setupTests.js
FNF:0
FNH:0
DA:4,7
LF:1
LH:1
BRF:0
BRH:0
end_of_record
